<?xml version="1.0" encoding="UTF-8"?>
<testsuite xmlns:xsi="http://www.w3.org/2001/XMLSchema-instance" xsi:noNamespaceSchemaLocation="https://maven.apache.org/surefire/maven-surefire-plugin/xsd/surefire-test-report-3.0.xsd" version="3.0" name="TestSuite" time="72.875" tests="1" errors="0" skipped="0" failures="1">
  <properties>
    <property name="gopherProxySet" value="false"/>
    <property name="awt.toolkit" value="sun.lwawt.macosx.LWCToolkit"/>
    <property name="file.encoding.pkg" value="sun.io"/>
    <property name="java.specification.version" value="1.8"/>
    <property name="webdriver.chrome.driver" value="/Users/rishikhanna/Documents/cucumber/shopping/Driver/chromedriver"/>
    <property name="sun.cpu.isalist" value=""/>
    <property name="sun.jnu.encoding" value="UTF-8"/>
    <property name="java.class.path" value="/Users/rishikhanna/Documents/cucumber/shopping/target/test-classes:/Users/rishikhanna/Documents/cucumber/shopping/target/classes:/Users/rishikhanna/.m2/repository/org/seleniumhq/selenium/selenium-java/3.141.59/selenium-java-3.141.59.jar:/Users/rishikhanna/.m2/repository/org/seleniumhq/selenium/selenium-api/3.141.59/selenium-api-3.141.59.jar:/Users/rishikhanna/.m2/repository/org/seleniumhq/selenium/selenium-chrome-driver/3.141.59/selenium-chrome-driver-3.141.59.jar:/Users/rishikhanna/.m2/repository/org/seleniumhq/selenium/selenium-edge-driver/3.141.59/selenium-edge-driver-3.141.59.jar:/Users/rishikhanna/.m2/repository/org/seleniumhq/selenium/selenium-firefox-driver/3.141.59/selenium-firefox-driver-3.141.59.jar:/Users/rishikhanna/.m2/repository/org/seleniumhq/selenium/selenium-ie-driver/3.141.59/selenium-ie-driver-3.141.59.jar:/Users/rishikhanna/.m2/repository/org/seleniumhq/selenium/selenium-opera-driver/3.141.59/selenium-opera-driver-3.141.59.jar:/Users/rishikhanna/.m2/repository/org/seleniumhq/selenium/selenium-remote-driver/3.141.59/selenium-remote-driver-3.141.59.jar:/Users/rishikhanna/.m2/repository/org/seleniumhq/selenium/selenium-safari-driver/3.141.59/selenium-safari-driver-3.141.59.jar:/Users/rishikhanna/.m2/repository/org/seleniumhq/selenium/selenium-support/3.141.59/selenium-support-3.141.59.jar:/Users/rishikhanna/.m2/repository/net/bytebuddy/byte-buddy/1.8.15/byte-buddy-1.8.15.jar:/Users/rishikhanna/.m2/repository/org/apache/commons/commons-exec/1.3/commons-exec-1.3.jar:/Users/rishikhanna/.m2/repository/com/google/guava/guava/25.0-jre/guava-25.0-jre.jar:/Users/rishikhanna/.m2/repository/com/google/code/findbugs/jsr305/1.3.9/jsr305-1.3.9.jar:/Users/rishikhanna/.m2/repository/org/checkerframework/checker-compat-qual/2.0.0/checker-compat-qual-2.0.0.jar:/Users/rishikhanna/.m2/repository/com/google/errorprone/error_prone_annotations/2.1.3/error_prone_annotations-2.1.3.jar:/Users/rishikhanna/.m2/repository/com/google/j2objc/j2objc-annotations/1.1/j2objc-annotations-1.1.jar:/Users/rishikhanna/.m2/repository/org/codehaus/mojo/animal-sniffer-annotations/1.14/animal-sniffer-annotations-1.14.jar:/Users/rishikhanna/.m2/repository/com/squareup/okhttp3/okhttp/3.11.0/okhttp-3.11.0.jar:/Users/rishikhanna/.m2/repository/com/squareup/okio/okio/1.14.0/okio-1.14.0.jar:/Users/rishikhanna/.m2/repository/org/seleniumhq/selenium/selenium-server/3.141.59/selenium-server-3.141.59.jar:/Users/rishikhanna/.m2/repository/com/beust/jcommander/1.72/jcommander-1.72.jar:/Users/rishikhanna/.m2/repository/net/jcip/jcip-annotations/1.0/jcip-annotations-1.0.jar:/Users/rishikhanna/.m2/repository/org/seleniumhq/selenium/jetty-repacked/9.4.12.v20180830/jetty-repacked-9.4.12.v20180830.jar:/Users/rishikhanna/.m2/repository/javax/servlet/javax.servlet-api/3.1.0/javax.servlet-api-3.1.0.jar:/Users/rishikhanna/.m2/repository/org/yaml/snakeyaml/1.19/snakeyaml-1.19.jar:/Users/rishikhanna/.m2/repository/io/cucumber/cucumber-java/6.10.0/cucumber-java-6.10.0.jar:/Users/rishikhanna/.m2/repository/org/apiguardian/apiguardian-api/1.1.1/apiguardian-api-1.1.1.jar:/Users/rishikhanna/.m2/repository/io/cucumber/cucumber-core/6.10.0/cucumber-core-6.10.0.jar:/Users/rishikhanna/.m2/repository/io/cucumber/cucumber-gherkin/6.10.0/cucumber-gherkin-6.10.0.jar:/Users/rishikhanna/.m2/repository/io/cucumber/cucumber-gherkin-messages/6.10.0/cucumber-gherkin-messages-6.10.0.jar:/Users/rishikhanna/.m2/repository/io/cucumber/messages/14.0.1/messages-14.0.1.jar:/Users/rishikhanna/.m2/repository/io/cucumber/tag-expressions/3.0.0/tag-expressions-3.0.0.jar:/Users/rishikhanna/.m2/repository/io/cucumber/cucumber-expressions/10.3.0/cucumber-expressions-10.3.0.jar:/Users/rishikhanna/.m2/repository/io/cucumber/datatable/3.5.0/datatable-3.5.0.jar:/Users/rishikhanna/.m2/repository/io/cucumber/cucumber-plugin/6.10.0/cucumber-plugin-6.10.0.jar:/Users/rishikhanna/.m2/repository/io/cucumber/docstring/6.10.0/docstring-6.10.0.jar:/Users/rishikhanna/.m2/repository/io/cucumber/html-formatter/12.0.0/html-formatter-12.0.0.jar:/Users/rishikhanna/.m2/repository/io/cucumber/create-meta/3.0.0/create-meta-3.0.0.jar:/Users/rishikhanna/.m2/repository/io/cucumber/cucumber-junit/6.10.0/cucumber-junit-6.10.0.jar:/Users/rishikhanna/.m2/repository/io/cucumber/cucumber-jvm-deps/1.0.6/cucumber-jvm-deps-1.0.6.jar:/Users/rishikhanna/.m2/repository/net/masterthought/cucumber-reporting/5.5.0/cucumber-reporting-5.5.0.jar:/Users/rishikhanna/.m2/repository/com/fasterxml/jackson/core/jackson-databind/2.12.1/jackson-databind-2.12.1.jar:/Users/rishikhanna/.m2/repository/com/fasterxml/jackson/core/jackson-annotations/2.12.1/jackson-annotations-2.12.1.jar:/Users/rishikhanna/.m2/repository/com/fasterxml/jackson/core/jackson-core/2.12.1/jackson-core-2.12.1.jar:/Users/rishikhanna/.m2/repository/com/fasterxml/jackson/datatype/jackson-datatype-jsr310/2.12.1/jackson-datatype-jsr310-2.12.1.jar:/Users/rishikhanna/.m2/repository/org/apache/velocity/velocity-engine-core/2.2/velocity-engine-core-2.2.jar:/Users/rishikhanna/.m2/repository/commons-collections/commons-collections/3.2.2/commons-collections-3.2.2.jar:/Users/rishikhanna/.m2/repository/joda-time/joda-time/2.10.9/joda-time-2.10.9.jar:/Users/rishikhanna/.m2/repository/org/apache/commons/commons-lang3/3.11/commons-lang3-3.11.jar:/Users/rishikhanna/.m2/repository/commons-io/commons-io/2.6/commons-io-2.6.jar:/Users/rishikhanna/.m2/repository/org/codehaus/plexus/plexus-utils/3.3.0/plexus-utils-3.3.0.jar:/Users/rishikhanna/.m2/repository/org/jsoup/jsoup/1.13.1/jsoup-1.13.1.jar:/Users/rishikhanna/.m2/repository/com/googlecode/owasp-java-html-sanitizer/owasp-java-html-sanitizer/20200713.1/owasp-java-html-sanitizer-20200713.1.jar:/Users/rishikhanna/.m2/repository/commons-configuration/commons-configuration/1.10/commons-configuration-1.10.jar:/Users/rishikhanna/.m2/repository/commons-lang/commons-lang/2.6/commons-lang-2.6.jar:/Users/rishikhanna/.m2/repository/commons-logging/commons-logging/1.1.1/commons-logging-1.1.1.jar:/Users/rishikhanna/.m2/repository/io/cucumber/gherkin/17.0.0/gherkin-17.0.0.jar:/Users/rishikhanna/.m2/repository/junit/junit/4.13/junit-4.13.jar:/Users/rishikhanna/.m2/repository/org/hamcrest/hamcrest-core/1.3/hamcrest-core-1.3.jar:/Users/rishikhanna/.m2/repository/org/mockito/mockito-all/1.10.19/mockito-all-1.10.19.jar:/Users/rishikhanna/.m2/repository/com/google/code/gson/gson/2.8.7/gson-2.8.7.jar:/Users/rishikhanna/.m2/repository/net/sourceforge/cobertura/cobertura/2.1.1/cobertura-2.1.1.jar:/Users/rishikhanna/.m2/repository/org/ow2/asm/asm/5.0.1/asm-5.0.1.jar:/Users/rishikhanna/.m2/repository/org/ow2/asm/asm-tree/5.0.1/asm-tree-5.0.1.jar:/Users/rishikhanna/.m2/repository/org/ow2/asm/asm-commons/5.0.1/asm-commons-5.0.1.jar:/Users/rishikhanna/.m2/repository/org/ow2/asm/asm-util/5.0.1/asm-util-5.0.1.jar:/Users/rishikhanna/.m2/repository/org/ow2/asm/asm-analysis/5.0.1/asm-analysis-5.0.1.jar:/Users/rishikhanna/.m2/repository/oro/oro/2.0.8/oro-2.0.8.jar:/Users/rishikhanna/.m2/repository/jaxen/jaxen/1.1.4/jaxen-1.1.4.jar:/Users/rishikhanna/.m2/repository/org/apache/ant/ant/1.8.3/ant-1.8.3.jar:/Users/rishikhanna/.m2/repository/org/apache/ant/ant-launcher/1.8.3/ant-launcher-1.8.3.jar:/Users/rishikhanna/.m2/repository/org/apache/ant/ant-junit/1.8.3/ant-junit-1.8.3.jar:/Users/rishikhanna/.m2/repository/org/mortbay/jetty/servlet-api-2.5/6.1.14/servlet-api-2.5-6.1.14.jar:/Users/rishikhanna/.m2/repository/org/mortbay/jetty/jetty/6.1.14/jetty-6.1.14.jar:/Users/rishikhanna/.m2/repository/org/mortbay/jetty/jetty-util/6.1.14/jetty-util-6.1.14.jar:/Library/Java/JavaVirtualMachines/jdk1.8.0_221.jdk/Contents/Home/jre/../lib/tools.jar:/Users/rishikhanna/.m2/repository/org/slf4j/slf4j-api/1.7.5/slf4j-api-1.7.5.jar:/Users/rishikhanna/.m2/repository/ch/qos/logback/logback-classic/1.0.13/logback-classic-1.0.13.jar:/Users/rishikhanna/.m2/repository/ch/qos/logback/logback-core/1.0.13/logback-core-1.0.13.jar:/Users/rishikhanna/.m2/repository/io/cucumber/cucumber-testng/6.10.2/cucumber-testng-6.10.2.jar:/Users/rishikhanna/.m2/repository/org/testng/testng/7.4.0/testng-7.4.0.jar:/Users/rishikhanna/.m2/repository/org/webjars/jquery/3.5.1/jquery-3.5.1.jar:/Users/rishikhanna/.m2/repository/tech/grasshopper/extentreports-cucumber6-adapter/1.0.0/extentreports-cucumber6-adapter-1.0.0.jar:/Users/rishikhanna/.m2/repository/com/aventstack/extentreports/4.1.6/extentreports-4.1.6.jar:/Users/rishikhanna/.m2/repository/org/freemarker/freemarker/2.3.29/freemarker-2.3.29.jar:/Users/rishikhanna/.m2/repository/org/apache/httpcomponents/httpclient/4.5.2/httpclient-4.5.2.jar:/Users/rishikhanna/.m2/repository/org/apache/httpcomponents/httpcore/4.4.4/httpcore-4.4.4.jar:/Users/rishikhanna/.m2/repository/org/apache/httpcomponents/httpmime/4.5.2/httpmime-4.5.2.jar:/Users/rishikhanna/.m2/repository/org/mongodb/bson/3.12.0/bson-3.12.0.jar:/Users/rishikhanna/.m2/repository/org/mongodb/mongodb-driver/3.3.0/mongodb-driver-3.3.0.jar:/Users/rishikhanna/.m2/repository/org/mongodb/mongodb-driver-core/3.3.0/mongodb-driver-core-3.3.0.jar:/Users/rishikhanna/.m2/repository/io/qameta/allure/allure-cucumber6-jvm/2.14.0/allure-cucumber6-jvm-2.14.0.jar:/Users/rishikhanna/.m2/repository/io/qameta/allure/allure-java-commons/2.14.0/allure-java-commons-2.14.0.jar:/Users/rishikhanna/.m2/repository/io/qameta/allure/allure-model/2.14.0/allure-model-2.14.0.jar:/Users/rishikhanna/.m2/repository/org/apache/tika/tika-core/1.26/tika-core-1.26.jar:/Users/rishikhanna/.m2/repository/org/jooq/joor-java-8/0.9.14/joor-java-8-0.9.14.jar:/Users/rishikhanna/.m2/repository/org/apache/poi/poi/5.0.0/poi-5.0.0.jar:/Users/rishikhanna/.m2/repository/org/slf4j/jcl-over-slf4j/1.7.30/jcl-over-slf4j-1.7.30.jar:/Users/rishikhanna/.m2/repository/commons-codec/commons-codec/1.15/commons-codec-1.15.jar:/Users/rishikhanna/.m2/repository/org/apache/commons/commons-collections4/4.4/commons-collections4-4.4.jar:/Users/rishikhanna/.m2/repository/org/apache/commons/commons-math3/3.6.1/commons-math3-3.6.1.jar:/Users/rishikhanna/.m2/repository/com/zaxxer/SparseBitSet/1.2/SparseBitSet-1.2.jar:"/>
    <property name="java.vm.vendor" value="Oracle Corporation"/>
    <property name="sun.arch.data.model" value="64"/>
    <property name="java.vendor.url" value="http://java.oracle.com/"/>
    <property name="user.timezone" value="Asia/Kolkata"/>
    <property name="java.vm.specification.version" value="1.8"/>
    <property name="os.name" value="Mac OS X"/>
    <property name="user.country" value="IN"/>
    <property name="sun.java.launcher" value="SUN_STANDARD"/>
    <property name="sun.boot.library.path" value="/Library/Java/JavaVirtualMachines/jdk1.8.0_221.jdk/Contents/Home/jre/lib"/>
    <property name="sun.java.command" value="/Users/rishikhanna/Documents/cucumber/shopping/target/surefire/surefirebooter6057797617505802408.jar /Users/rishikhanna/Documents/cucumber/shopping/target/surefire 2021-06-29T15-51-24_940-jvmRun1 surefire8574158849840978223tmp surefire_06700139707696039762tmp"/>
    <property name="http.nonProxyHosts" value="local|*.local|169.254/16|*.169.254/16"/>
    <property name="surefire.test.class.path" value="/Users/rishikhanna/Documents/cucumber/shopping/target/test-classes:/Users/rishikhanna/Documents/cucumber/shopping/target/classes:/Users/rishikhanna/.m2/repository/org/seleniumhq/selenium/selenium-java/3.141.59/selenium-java-3.141.59.jar:/Users/rishikhanna/.m2/repository/org/seleniumhq/selenium/selenium-api/3.141.59/selenium-api-3.141.59.jar:/Users/rishikhanna/.m2/repository/org/seleniumhq/selenium/selenium-chrome-driver/3.141.59/selenium-chrome-driver-3.141.59.jar:/Users/rishikhanna/.m2/repository/org/seleniumhq/selenium/selenium-edge-driver/3.141.59/selenium-edge-driver-3.141.59.jar:/Users/rishikhanna/.m2/repository/org/seleniumhq/selenium/selenium-firefox-driver/3.141.59/selenium-firefox-driver-3.141.59.jar:/Users/rishikhanna/.m2/repository/org/seleniumhq/selenium/selenium-ie-driver/3.141.59/selenium-ie-driver-3.141.59.jar:/Users/rishikhanna/.m2/repository/org/seleniumhq/selenium/selenium-opera-driver/3.141.59/selenium-opera-driver-3.141.59.jar:/Users/rishikhanna/.m2/repository/org/seleniumhq/selenium/selenium-remote-driver/3.141.59/selenium-remote-driver-3.141.59.jar:/Users/rishikhanna/.m2/repository/org/seleniumhq/selenium/selenium-safari-driver/3.141.59/selenium-safari-driver-3.141.59.jar:/Users/rishikhanna/.m2/repository/org/seleniumhq/selenium/selenium-support/3.141.59/selenium-support-3.141.59.jar:/Users/rishikhanna/.m2/repository/net/bytebuddy/byte-buddy/1.8.15/byte-buddy-1.8.15.jar:/Users/rishikhanna/.m2/repository/org/apache/commons/commons-exec/1.3/commons-exec-1.3.jar:/Users/rishikhanna/.m2/repository/com/google/guava/guava/25.0-jre/guava-25.0-jre.jar:/Users/rishikhanna/.m2/repository/com/google/code/findbugs/jsr305/1.3.9/jsr305-1.3.9.jar:/Users/rishikhanna/.m2/repository/org/checkerframework/checker-compat-qual/2.0.0/checker-compat-qual-2.0.0.jar:/Users/rishikhanna/.m2/repository/com/google/errorprone/error_prone_annotations/2.1.3/error_prone_annotations-2.1.3.jar:/Users/rishikhanna/.m2/repository/com/google/j2objc/j2objc-annotations/1.1/j2objc-annotations-1.1.jar:/Users/rishikhanna/.m2/repository/org/codehaus/mojo/animal-sniffer-annotations/1.14/animal-sniffer-annotations-1.14.jar:/Users/rishikhanna/.m2/repository/com/squareup/okhttp3/okhttp/3.11.0/okhttp-3.11.0.jar:/Users/rishikhanna/.m2/repository/com/squareup/okio/okio/1.14.0/okio-1.14.0.jar:/Users/rishikhanna/.m2/repository/org/seleniumhq/selenium/selenium-server/3.141.59/selenium-server-3.141.59.jar:/Users/rishikhanna/.m2/repository/com/beust/jcommander/1.72/jcommander-1.72.jar:/Users/rishikhanna/.m2/repository/net/jcip/jcip-annotations/1.0/jcip-annotations-1.0.jar:/Users/rishikhanna/.m2/repository/org/seleniumhq/selenium/jetty-repacked/9.4.12.v20180830/jetty-repacked-9.4.12.v20180830.jar:/Users/rishikhanna/.m2/repository/javax/servlet/javax.servlet-api/3.1.0/javax.servlet-api-3.1.0.jar:/Users/rishikhanna/.m2/repository/org/yaml/snakeyaml/1.19/snakeyaml-1.19.jar:/Users/rishikhanna/.m2/repository/io/cucumber/cucumber-java/6.10.0/cucumber-java-6.10.0.jar:/Users/rishikhanna/.m2/repository/org/apiguardian/apiguardian-api/1.1.1/apiguardian-api-1.1.1.jar:/Users/rishikhanna/.m2/repository/io/cucumber/cucumber-core/6.10.0/cucumber-core-6.10.0.jar:/Users/rishikhanna/.m2/repository/io/cucumber/cucumber-gherkin/6.10.0/cucumber-gherkin-6.10.0.jar:/Users/rishikhanna/.m2/repository/io/cucumber/cucumber-gherkin-messages/6.10.0/cucumber-gherkin-messages-6.10.0.jar:/Users/rishikhanna/.m2/repository/io/cucumber/messages/14.0.1/messages-14.0.1.jar:/Users/rishikhanna/.m2/repository/io/cucumber/tag-expressions/3.0.0/tag-expressions-3.0.0.jar:/Users/rishikhanna/.m2/repository/io/cucumber/cucumber-expressions/10.3.0/cucumber-expressions-10.3.0.jar:/Users/rishikhanna/.m2/repository/io/cucumber/datatable/3.5.0/datatable-3.5.0.jar:/Users/rishikhanna/.m2/repository/io/cucumber/cucumber-plugin/6.10.0/cucumber-plugin-6.10.0.jar:/Users/rishikhanna/.m2/repository/io/cucumber/docstring/6.10.0/docstring-6.10.0.jar:/Users/rishikhanna/.m2/repository/io/cucumber/html-formatter/12.0.0/html-formatter-12.0.0.jar:/Users/rishikhanna/.m2/repository/io/cucumber/create-meta/3.0.0/create-meta-3.0.0.jar:/Users/rishikhanna/.m2/repository/io/cucumber/cucumber-junit/6.10.0/cucumber-junit-6.10.0.jar:/Users/rishikhanna/.m2/repository/io/cucumber/cucumber-jvm-deps/1.0.6/cucumber-jvm-deps-1.0.6.jar:/Users/rishikhanna/.m2/repository/net/masterthought/cucumber-reporting/5.5.0/cucumber-reporting-5.5.0.jar:/Users/rishikhanna/.m2/repository/com/fasterxml/jackson/core/jackson-databind/2.12.1/jackson-databind-2.12.1.jar:/Users/rishikhanna/.m2/repository/com/fasterxml/jackson/core/jackson-annotations/2.12.1/jackson-annotations-2.12.1.jar:/Users/rishikhanna/.m2/repository/com/fasterxml/jackson/core/jackson-core/2.12.1/jackson-core-2.12.1.jar:/Users/rishikhanna/.m2/repository/com/fasterxml/jackson/datatype/jackson-datatype-jsr310/2.12.1/jackson-datatype-jsr310-2.12.1.jar:/Users/rishikhanna/.m2/repository/org/apache/velocity/velocity-engine-core/2.2/velocity-engine-core-2.2.jar:/Users/rishikhanna/.m2/repository/commons-collections/commons-collections/3.2.2/commons-collections-3.2.2.jar:/Users/rishikhanna/.m2/repository/joda-time/joda-time/2.10.9/joda-time-2.10.9.jar:/Users/rishikhanna/.m2/repository/org/apache/commons/commons-lang3/3.11/commons-lang3-3.11.jar:/Users/rishikhanna/.m2/repository/commons-io/commons-io/2.6/commons-io-2.6.jar:/Users/rishikhanna/.m2/repository/org/codehaus/plexus/plexus-utils/3.3.0/plexus-utils-3.3.0.jar:/Users/rishikhanna/.m2/repository/org/jsoup/jsoup/1.13.1/jsoup-1.13.1.jar:/Users/rishikhanna/.m2/repository/com/googlecode/owasp-java-html-sanitizer/owasp-java-html-sanitizer/20200713.1/owasp-java-html-sanitizer-20200713.1.jar:/Users/rishikhanna/.m2/repository/commons-configuration/commons-configuration/1.10/commons-configuration-1.10.jar:/Users/rishikhanna/.m2/repository/commons-lang/commons-lang/2.6/commons-lang-2.6.jar:/Users/rishikhanna/.m2/repository/commons-logging/commons-logging/1.1.1/commons-logging-1.1.1.jar:/Users/rishikhanna/.m2/repository/io/cucumber/gherkin/17.0.0/gherkin-17.0.0.jar:/Users/rishikhanna/.m2/repository/junit/junit/4.13/junit-4.13.jar:/Users/rishikhanna/.m2/repository/org/hamcrest/hamcrest-core/1.3/hamcrest-core-1.3.jar:/Users/rishikhanna/.m2/repository/org/mockito/mockito-all/1.10.19/mockito-all-1.10.19.jar:/Users/rishikhanna/.m2/repository/com/google/code/gson/gson/2.8.7/gson-2.8.7.jar:/Users/rishikhanna/.m2/repository/net/sourceforge/cobertura/cobertura/2.1.1/cobertura-2.1.1.jar:/Users/rishikhanna/.m2/repository/org/ow2/asm/asm/5.0.1/asm-5.0.1.jar:/Users/rishikhanna/.m2/repository/org/ow2/asm/asm-tree/5.0.1/asm-tree-5.0.1.jar:/Users/rishikhanna/.m2/repository/org/ow2/asm/asm-commons/5.0.1/asm-commons-5.0.1.jar:/Users/rishikhanna/.m2/repository/org/ow2/asm/asm-util/5.0.1/asm-util-5.0.1.jar:/Users/rishikhanna/.m2/repository/org/ow2/asm/asm-analysis/5.0.1/asm-analysis-5.0.1.jar:/Users/rishikhanna/.m2/repository/oro/oro/2.0.8/oro-2.0.8.jar:/Users/rishikhanna/.m2/repository/jaxen/jaxen/1.1.4/jaxen-1.1.4.jar:/Users/rishikhanna/.m2/repository/org/apache/ant/ant/1.8.3/ant-1.8.3.jar:/Users/rishikhanna/.m2/repository/org/apache/ant/ant-launcher/1.8.3/ant-launcher-1.8.3.jar:/Users/rishikhanna/.m2/repository/org/apache/ant/ant-junit/1.8.3/ant-junit-1.8.3.jar:/Users/rishikhanna/.m2/repository/org/mortbay/jetty/servlet-api-2.5/6.1.14/servlet-api-2.5-6.1.14.jar:/Users/rishikhanna/.m2/repository/org/mortbay/jetty/jetty/6.1.14/jetty-6.1.14.jar:/Users/rishikhanna/.m2/repository/org/mortbay/jetty/jetty-util/6.1.14/jetty-util-6.1.14.jar:/Library/Java/JavaVirtualMachines/jdk1.8.0_221.jdk/Contents/Home/jre/../lib/tools.jar:/Users/rishikhanna/.m2/repository/org/slf4j/slf4j-api/1.7.5/slf4j-api-1.7.5.jar:/Users/rishikhanna/.m2/repository/ch/qos/logback/logback-classic/1.0.13/logback-classic-1.0.13.jar:/Users/rishikhanna/.m2/repository/ch/qos/logback/logback-core/1.0.13/logback-core-1.0.13.jar:/Users/rishikhanna/.m2/repository/io/cucumber/cucumber-testng/6.10.2/cucumber-testng-6.10.2.jar:/Users/rishikhanna/.m2/repository/org/testng/testng/7.4.0/testng-7.4.0.jar:/Users/rishikhanna/.m2/repository/org/webjars/jquery/3.5.1/jquery-3.5.1.jar:/Users/rishikhanna/.m2/repository/tech/grasshopper/extentreports-cucumber6-adapter/1.0.0/extentreports-cucumber6-adapter-1.0.0.jar:/Users/rishikhanna/.m2/repository/com/aventstack/extentreports/4.1.6/extentreports-4.1.6.jar:/Users/rishikhanna/.m2/repository/org/freemarker/freemarker/2.3.29/freemarker-2.3.29.jar:/Users/rishikhanna/.m2/repository/org/apache/httpcomponents/httpclient/4.5.2/httpclient-4.5.2.jar:/Users/rishikhanna/.m2/repository/org/apache/httpcomponents/httpcore/4.4.4/httpcore-4.4.4.jar:/Users/rishikhanna/.m2/repository/org/apache/httpcomponents/httpmime/4.5.2/httpmime-4.5.2.jar:/Users/rishikhanna/.m2/repository/org/mongodb/bson/3.12.0/bson-3.12.0.jar:/Users/rishikhanna/.m2/repository/org/mongodb/mongodb-driver/3.3.0/mongodb-driver-3.3.0.jar:/Users/rishikhanna/.m2/repository/org/mongodb/mongodb-driver-core/3.3.0/mongodb-driver-core-3.3.0.jar:/Users/rishikhanna/.m2/repository/io/qameta/allure/allure-cucumber6-jvm/2.14.0/allure-cucumber6-jvm-2.14.0.jar:/Users/rishikhanna/.m2/repository/io/qameta/allure/allure-java-commons/2.14.0/allure-java-commons-2.14.0.jar:/Users/rishikhanna/.m2/repository/io/qameta/allure/allure-model/2.14.0/allure-model-2.14.0.jar:/Users/rishikhanna/.m2/repository/org/apache/tika/tika-core/1.26/tika-core-1.26.jar:/Users/rishikhanna/.m2/repository/org/jooq/joor-java-8/0.9.14/joor-java-8-0.9.14.jar:/Users/rishikhanna/.m2/repository/org/apache/poi/poi/5.0.0/poi-5.0.0.jar:/Users/rishikhanna/.m2/repository/org/slf4j/jcl-over-slf4j/1.7.30/jcl-over-slf4j-1.7.30.jar:/Users/rishikhanna/.m2/repository/commons-codec/commons-codec/1.15/commons-codec-1.15.jar:/Users/rishikhanna/.m2/repository/org/apache/commons/commons-collections4/4.4/commons-collections4-4.4.jar:/Users/rishikhanna/.m2/repository/org/apache/commons/commons-math3/3.6.1/commons-math3-3.6.1.jar:/Users/rishikhanna/.m2/repository/com/zaxxer/SparseBitSet/1.2/SparseBitSet-1.2.jar:"/>
    <property name="sun.cpu.endian" value="little"/>
    <property name="user.home" value="/Users/rishikhanna"/>
    <property name="user.language" value="en"/>
    <property name="java.specification.vendor" value="Oracle Corporation"/>
    <property name="java.home" value="/Library/Java/JavaVirtualMachines/jdk1.8.0_221.jdk/Contents/Home/jre"/>
    <property name="basedir" value="/Users/rishikhanna/Documents/cucumber/shopping"/>
    <property name="file.separator" value="/"/>
    <property name="line.separator" value="&#10;"/>
    <property name="java.vm.specification.vendor" value="Oracle Corporation"/>
    <property name="java.specification.name" value="Java Platform API Specification"/>
    <property name="java.awt.graphicsenv" value="sun.awt.CGraphicsEnvironment"/>
    <property name="surefire.real.class.path" value="/Users/rishikhanna/Documents/cucumber/shopping/target/surefire/surefirebooter6057797617505802408.jar:/Users/rishikhanna/.m2/repository/org/aspectj/aspectjweaver/1.8.10/aspectjweaver-1.8.10.jar"/>
    <property name="sun.boot.class.path" value="/Library/Java/JavaVirtualMachines/jdk1.8.0_221.jdk/Contents/Home/jre/lib/resources.jar:/Library/Java/JavaVirtualMachines/jdk1.8.0_221.jdk/Contents/Home/jre/lib/rt.jar:/Library/Java/JavaVirtualMachines/jdk1.8.0_221.jdk/Contents/Home/jre/lib/sunrsasign.jar:/Library/Java/JavaVirtualMachines/jdk1.8.0_221.jdk/Contents/Home/jre/lib/jsse.jar:/Library/Java/JavaVirtualMachines/jdk1.8.0_221.jdk/Contents/Home/jre/lib/jce.jar:/Library/Java/JavaVirtualMachines/jdk1.8.0_221.jdk/Contents/Home/jre/lib/charsets.jar:/Library/Java/JavaVirtualMachines/jdk1.8.0_221.jdk/Contents/Home/jre/lib/jfr.jar:/Library/Java/JavaVirtualMachines/jdk1.8.0_221.jdk/Contents/Home/jre/classes"/>
    <property name="sun.management.compiler" value="HotSpot 64-Bit Tiered Compilers"/>
    <property name="ftp.nonProxyHosts" value="local|*.local|169.254/16|*.169.254/16"/>
    <property name="java.runtime.version" value="1.8.0_221-b11"/>
    <property name="user.name" value="rishikhanna"/>
    <property name="path.separator" value=":"/>
    <property name="os.version" value="10.14.6"/>
    <property name="java.endorsed.dirs" value="/Library/Java/JavaVirtualMachines/jdk1.8.0_221.jdk/Contents/Home/jre/lib/endorsed"/>
    <property name="java.runtime.name" value="Java(TM) SE Runtime Environment"/>
    <property name="file.encoding" value="UTF-8"/>
    <property name="java.vm.name" value="Java HotSpot(TM) 64-Bit Server VM"/>
    <property name="localRepository" value="/Users/rishikhanna/.m2/repository"/>
    <property name="java.vendor.url.bug" value="http://bugreport.sun.com/bugreport/"/>
    <property name="java.io.tmpdir" value="/var/folders/fc/c6v4v0jx4slft82v1c7bq2p40000gn/T/"/>
    <property name="java.version" value="1.8.0_221"/>
    <property name="user.dir" value="/Users/rishikhanna/Documents/cucumber/shopping"/>
    <property name="os.arch" value="x86_64"/>
    <property name="java.vm.specification.name" value="Java Virtual Machine Specification"/>
    <property name="java.awt.printerjob" value="sun.lwawt.macosx.CPrinterJob"/>
    <property name="sun.os.patch.level" value="unknown"/>
    <property name="java.library.path" value="/Users/rishikhanna/Library/Java/Extensions:/Library/Java/Extensions:/Network/Library/Java/Extensions:/System/Library/Java/Extensions:/usr/lib/java:."/>
    <property name="java.vm.info" value="mixed mode"/>
    <property name="java.vendor" value="Oracle Corporation"/>
    <property name="java.vm.version" value="25.221-b11"/>
    <property name="java.ext.dirs" value="/Users/rishikhanna/Library/Java/Extensions:/Library/Java/JavaVirtualMachines/jdk1.8.0_221.jdk/Contents/Home/jre/lib/ext:/Library/Java/Extensions:/Network/Library/Java/Extensions:/System/Library/Java/Extensions:/usr/lib/java"/>
    <property name="sun.io.unicode.encoding" value="UnicodeBig"/>
    <property name="java.class.version" value="52.0"/>
    <property name="socksNonProxyHosts" value="local|*.local|169.254/16|*.169.254/16"/>
  </properties>
  <testcase name="scenario[&quot;Password Reset Test&quot;, &quot;Optional[Login Verification]&quot;](1)" classname="com.cucumber.amazon.shopping.TestRunner" time="55.942">
    <failure message="Timed out after 30 seconds. Unable to locate the element" type="org.openqa.selenium.NoSuchElementException"><![CDATA[org.openqa.selenium.NoSuchElementException: Timed out after 30 seconds. Unable to locate the element
Caused by: org.openqa.selenium.InvalidSelectorException: 
invalid selector: Unable to locate an element with the xpath expression //a[contains(text(),'Forgot Password')]] because of the following error:
SyntaxError: Failed to execute 'evaluate' on 'Document': The string '//a[contains(text(),'Forgot Password')]]' is not a valid XPath expression.
  (Session info: chrome=91.0.4472.114)
For documentation on this error, please visit: https://www.seleniumhq.org/exceptions/invalid_selector_exception.html
Build info: version: '3.141.59', revision: 'e82be7d358', time: '2018-11-14T08:17:03'
System info: host: 'Rishis-MacBook-Pro.local', ip: '2405:201:d001:6bfe:29a0:1274:50ae:dd14%en0', os.name: 'Mac OS X', os.arch: 'x86_64', os.version: '10.14.6', java.version: '1.8.0_221'
Driver info: org.openqa.selenium.chrome.ChromeDriver
Capabilities {acceptInsecureCerts: true, browserName: chrome, browserVersion: 91.0.4472.114, chrome: {chromedriverVersion: 91.0.4472.101 (af52a90bf870..., userDataDir: /var/folders/fc/c6v4v0jx4sl...}, goog:chromeOptions: {debuggerAddress: localhost:53522}, javascriptEnabled: true, networkConnectionEnabled: false, pageLoadStrategy: normal, platform: MAC, platformName: MAC, proxy: Proxy(), setWindowRect: true, strictFileInteractability: false, timeouts: {implicit: 0, pageLoad: 300000, script: 30000}, unhandledPromptBehavior: accept, webauthn:extension:largeBlob: true, webauthn:virtualAuthenticators: true}
Session ID: 97db9539b2509541a18b2ee9f1211c80
*** Element info: {Using=xpath, value=//a[contains(text(),'Forgot Password')]]}
]]></failure>
    <system-err><![CDATA[Jun 29, 2021 3:51:30 PM WebdriverBase.GridDriverManager setPlatform
INFO: Successfully set the Platform as: mac
Jun 29, 2021 3:51:30 PM WebdriverBase.GridDriverManager setDriverLocation
INFO: Successfully Set the driver locations
Jun 29, 2021 3:51:30 PM io.cucumber.testng.TestNGCucumberOptionsProvider warnWhenJUnitCucumberOptionsAreUsed
WARNING: Ignoring options provided by io.cucumber.junit.CucumberOptions on com.cucumber.amazon.shopping.TestRunner. It is recommend to use separate runner classes for JUnit and TestNG.
Jun 29, 2021 3:51:36 PM listeners.TestListeners onTestStart
INFO: scenariotest has started
Starting ChromeDriver 91.0.4472.101 (af52a90bf87030dd1523486a1cd3ae25c5d76c9b-refs/branch-heads/4472@{#1462}) on port 16622
Only local connections are allowed.
Please see https://chromedriver.chromium.org/security-considerations for suggestions on keeping ChromeDriver safe.
ChromeDriver was started successfully.
Jun 29, 2021 3:51:48 PM org.openqa.selenium.remote.ProtocolHandshake createSession
INFO: Detected dialect: W3C
]]></system-err>
  </testcase>
</testsuite>