<?xml version="1.0" encoding="UTF-8"?>
<!-- Generated by org.testng.reporters.JUnitReportReporter -->
<testsuite skipped="0" hostname="Rishis-MacBook-Pro.local" name="com.cucumber.amazon.shopping.TestRunner" tests="2" failures="0" timestamp="2021-06-26T20:29:47 IST" time="82.117" errors="0">
  <testcase name="scenario" time="44.570" classname="com.cucumber.amazon.shopping.TestRunner"/>
  <system-out/>
  <testcase name="scenario" time="37.547" classname="com.cucumber.amazon.shopping.TestRunner"/>
  <system-out/>
</testsuite> <!-- com.cucumber.amazon.shopping.TestRunner -->
