<?xml version="1.0" encoding="UTF-8"?>
<!-- Generated by org.testng.reporters.JUnitReportReporter -->
<testsuite skipped="0" hostname="Rishis-MacBook-Pro.local" name="com.cucumber.amazon.shopping.TestRunner" tests="2" failures="0" timestamp="2021-07-07T19:44:07 IST" time="69.888" errors="0">
  <testcase name="scenario" time="34.342" classname="com.cucumber.amazon.shopping.TestRunner"/>
  <system-out/>
  <testcase name="scenario" time="35.546" classname="com.cucumber.amazon.shopping.TestRunner"/>
  <system-out/>
</testsuite> <!-- com.cucumber.amazon.shopping.TestRunner -->
